<?xml version="1.0" encoding="UTF-8"?>
<!-- Generated by org.testng.reporters.JUnitReportReporter -->
<testsuite skipped="0" hostname="LAPTOP-FTITMHH4" name="example.avanatest.LoginTest" tests="2" failures="0" timestamp="2021-07-30T15:29:46 ICT" time="43.146" errors="0">
  <testcase name="login" time="25.097" classname="example.avanatest.LoginTest"/>
  <system-out/>
  <testcase name="postingimage" time="18.049" classname="example.avanatest.LoginTest"/>
  <system-out/>
</testsuite> <!-- example.avanatest.LoginTest -->
